[2023-11-23T03:28:32.994+0000] {taskinstance.py:1159} INFO - Dependencies all met for dep_context=non-requeueable deps ti=<TaskInstance: outcomes_dag.dim3_to_cloud scheduled__2023-11-22T00:00:00+00:00 [queued]>
[2023-11-23T03:28:32.999+0000] {taskinstance.py:1159} INFO - Dependencies all met for dep_context=requeueable deps ti=<TaskInstance: outcomes_dag.dim3_to_cloud scheduled__2023-11-22T00:00:00+00:00 [queued]>
[2023-11-23T03:28:32.999+0000] {taskinstance.py:1361} INFO - Starting attempt 2 of 2
[2023-11-23T03:28:33.006+0000] {taskinstance.py:1382} INFO - Executing <Task(PythonOperator): dim3_to_cloud> on 2023-11-22 00:00:00+00:00
[2023-11-23T03:28:33.011+0000] {standard_task_runner.py:57} INFO - Started process 673 to run task
[2023-11-23T03:28:33.019+0000] {standard_task_runner.py:84} INFO - Running: ['***', 'tasks', 'run', 'outcomes_dag', 'dim3_to_cloud', 'scheduled__2023-11-22T00:00:00+00:00', '--job-id', '44', '--raw', '--subdir', 'DAGS_FOLDER/outcomes_dag.py', '--cfg-path', '/tmp/tmp_79u1cw4']
[2023-11-23T03:28:33.023+0000] {standard_task_runner.py:85} INFO - Job 44: Subtask dim3_to_cloud
[2023-11-23T03:28:33.096+0000] {task_command.py:416} INFO - Running <TaskInstance: outcomes_dag.dim3_to_cloud scheduled__2023-11-22T00:00:00+00:00 [running]> on host 1268bd8e5db0
[2023-11-23T03:28:33.156+0000] {taskinstance.py:1662} INFO - Exporting env vars: AIRFLOW_CTX_DAG_OWNER='***' AIRFLOW_CTX_DAG_ID='outcomes_dag' AIRFLOW_CTX_TASK_ID='dim3_to_cloud' AIRFLOW_CTX_EXECUTION_DATE='2023-11-22T00:00:00+00:00' AIRFLOW_CTX_TRY_NUMBER='2' AIRFLOW_CTX_DAG_RUN_ID='scheduled__2023-11-22T00:00:00+00:00'
[2023-11-23T03:28:33.810+0000] {taskinstance.py:1937} ERROR - Task failed with exception
Traceback (most recent call last):
  File "/home/airflow/.local/lib/python3.8/site-packages/google/cloud/bigquery/client.py", line 2481, in load_table_from_file
    response = self._do_multipart_upload(
  File "/home/airflow/.local/lib/python3.8/site-packages/google/cloud/bigquery/client.py", line 3036, in _do_multipart_upload
    response = upload.transmit(
  File "/home/airflow/.local/lib/python3.8/site-packages/google/resumable_media/requests/upload.py", line 153, in transmit
    return _request_helpers.wait_and_retry(
  File "/home/airflow/.local/lib/python3.8/site-packages/google/resumable_media/requests/_request_helpers.py", line 155, in wait_and_retry
    response = func()
  File "/home/airflow/.local/lib/python3.8/site-packages/google/resumable_media/requests/upload.py", line 149, in retriable_request
    self._process_response(result)
  File "/home/airflow/.local/lib/python3.8/site-packages/google/resumable_media/_upload.py", line 125, in _process_response
    _helpers.require_status_code(response, (http.client.OK,), self._get_status_code)
  File "/home/airflow/.local/lib/python3.8/site-packages/google/resumable_media/_helpers.py", line 108, in require_status_code
    raise common.InvalidResponse(
google.resumable_media.common.InvalidResponse: ('Request failed with status code', 404, 'Expected one of', 200)

During handling of the above exception, another exception occurred:

Traceback (most recent call last):
  File "/home/airflow/.local/lib/python3.8/site-packages/airflow/operators/python.py", line 192, in execute
    return_value = self.execute_callable()
  File "/home/airflow/.local/lib/python3.8/site-packages/airflow/operators/python.py", line 209, in execute_callable
    return self.python_callable(*self.op_args, **self.op_kwargs)
  File "/opt/airflow/dags/ETL/load_to_Cloud.py", line 25, in transfer_data_to_bigquery
    client.load_table_from_dataframe(df, table_ref, job_config=job_config)
  File "/home/airflow/.local/lib/python3.8/site-packages/google/cloud/bigquery/client.py", line 2717, in load_table_from_dataframe
    return self.load_table_from_file(
  File "/home/airflow/.local/lib/python3.8/site-packages/google/cloud/bigquery/client.py", line 2485, in load_table_from_file
    raise exceptions.from_http_response(exc.response)
google.api_core.exceptions.NotFound: 404 POST https://bigquery.googleapis.com/upload/bigquery/v2/projects/dcsc-warehouse/jobs?uploadType=multipart: Not found: Dataset dcsc-warehouse:shelter-warehouse-schema
[2023-11-23T03:28:33.833+0000] {taskinstance.py:1400} INFO - Marking task as FAILED. dag_id=outcomes_dag, task_id=dim3_to_cloud, execution_date=20231122T000000, start_date=20231123T032832, end_date=20231123T032833
[2023-11-23T03:28:33.840+0000] {standard_task_runner.py:104} ERROR - Failed to execute job 44 for task dim3_to_cloud (404 POST https://bigquery.googleapis.com/upload/bigquery/v2/projects/dcsc-warehouse/jobs?uploadType=multipart: Not found: Dataset dcsc-warehouse:shelter-warehouse-schema; 673)
[2023-11-23T03:28:33.852+0000] {local_task_job_runner.py:228} INFO - Task exited with return code 1
