[2023-11-22T06:14:44.209+0000] {taskinstance.py:1159} INFO - Dependencies all met for dep_context=non-requeueable deps ti=<TaskInstance: outcomes_dag.Load manual__2023-11-22T06:09:32.867001+00:00 [queued]>
[2023-11-22T06:14:44.213+0000] {taskinstance.py:1159} INFO - Dependencies all met for dep_context=requeueable deps ti=<TaskInstance: outcomes_dag.Load manual__2023-11-22T06:09:32.867001+00:00 [queued]>
[2023-11-22T06:14:44.213+0000] {taskinstance.py:1361} INFO - Starting attempt 2 of 5
[2023-11-22T06:14:44.219+0000] {taskinstance.py:1382} INFO - Executing <Task(PythonOperator): Load> on 2023-11-22 06:09:32.867001+00:00
[2023-11-22T06:14:44.228+0000] {standard_task_runner.py:57} INFO - Started process 236 to run task
[2023-11-22T06:14:44.231+0000] {standard_task_runner.py:84} INFO - Running: ['***', 'tasks', 'run', 'outcomes_dag', 'Load', 'manual__2023-11-22T06:09:32.867001+00:00', '--job-id', '35', '--raw', '--subdir', 'DAGS_FOLDER/outcomes_dag.py', '--cfg-path', '/tmp/tmpwmwha3pk']
[2023-11-22T06:14:44.235+0000] {standard_task_runner.py:85} INFO - Job 35: Subtask Load
[2023-11-22T06:14:44.270+0000] {task_command.py:416} INFO - Running <TaskInstance: outcomes_dag.Load manual__2023-11-22T06:09:32.867001+00:00 [running]> on host ded66acd9c7f
[2023-11-22T06:14:44.329+0000] {taskinstance.py:1662} INFO - Exporting env vars: AIRFLOW_CTX_DAG_OWNER='***' AIRFLOW_CTX_DAG_ID='outcomes_dag' AIRFLOW_CTX_TASK_ID='Load' AIRFLOW_CTX_EXECUTION_DATE='2023-11-22T06:09:32.867001+00:00' AIRFLOW_CTX_TRY_NUMBER='2' AIRFLOW_CTX_DAG_RUN_ID='manual__2023-11-22T06:09:32.867001+00:00'
[2023-11-22T06:14:44.331+0000] {logging_mixin.py:154} INFO - Getting data from Cloud Storage
[2023-11-22T06:14:45.186+0000] {taskinstance.py:1937} ERROR - Task failed with exception
Traceback (most recent call last):
  File "/home/airflow/.local/lib/python3.8/site-packages/sqlalchemy/engine/base.py", line 1890, in _execute_context
    self.dialect.do_executemany(
  File "/home/airflow/.local/lib/python3.8/site-packages/sqlalchemy/dialects/postgresql/psycopg2.py", line 982, in do_executemany
    context._psycopg2_fetched_rows = xtras.execute_values(
  File "/home/airflow/.local/lib/python3.8/site-packages/psycopg2/extras.py", line 1299, in execute_values
    cur.execute(b''.join(parts))
psycopg2.errors.UniqueViolation: duplicate key value violates unique constraint "outcomes_staging_pkey"
DETAIL:  Key ("Animal ID", "Date ID")=(A891469, 20231121) already exists.


The above exception was the direct cause of the following exception:

Traceback (most recent call last):
  File "/home/airflow/.local/lib/python3.8/site-packages/airflow/operators/python.py", line 192, in execute
    return_value = self.execute_callable()
  File "/home/airflow/.local/lib/python3.8/site-packages/airflow/operators/python.py", line 209, in execute_callable
    return self.python_callable(*self.op_args, **self.op_kwargs)
  File "/opt/airflow/dags/ETL/load.py", line 12, in load_data
    data_to_staging(engine, blob_name, bucket)
  File "/opt/airflow/dags/ETL/load.py", line 29, in data_to_staging
    data.to_sql("outcomes_staging",
  File "/home/airflow/.local/lib/python3.8/site-packages/pandas/core/generic.py", line 2878, in to_sql
    return sql.to_sql(
  File "/home/airflow/.local/lib/python3.8/site-packages/pandas/io/sql.py", line 769, in to_sql
    return pandas_sql.to_sql(
  File "/home/airflow/.local/lib/python3.8/site-packages/pandas/io/sql.py", line 1920, in to_sql
    total_inserted = sql_engine.insert_records(
  File "/home/airflow/.local/lib/python3.8/site-packages/pandas/io/sql.py", line 1470, in insert_records
    raise err
  File "/home/airflow/.local/lib/python3.8/site-packages/pandas/io/sql.py", line 1461, in insert_records
    return table.insert(chunksize=chunksize, method=method)
  File "/home/airflow/.local/lib/python3.8/site-packages/pandas/io/sql.py", line 1023, in insert
    num_inserted = exec_insert(conn, keys, chunk_iter)
  File "/home/airflow/.local/lib/python3.8/site-packages/pandas/io/sql.py", line 929, in _execute_insert
    result = conn.execute(self.table.insert(), data)
  File "/home/airflow/.local/lib/python3.8/site-packages/sqlalchemy/engine/base.py", line 1385, in execute
    return meth(self, multiparams, params, _EMPTY_EXECUTION_OPTS)
  File "/home/airflow/.local/lib/python3.8/site-packages/sqlalchemy/sql/elements.py", line 334, in _execute_on_connection
    return connection._execute_clauseelement(
  File "/home/airflow/.local/lib/python3.8/site-packages/sqlalchemy/engine/base.py", line 1577, in _execute_clauseelement
    ret = self._execute_context(
  File "/home/airflow/.local/lib/python3.8/site-packages/sqlalchemy/engine/base.py", line 1953, in _execute_context
    self._handle_dbapi_exception(
  File "/home/airflow/.local/lib/python3.8/site-packages/sqlalchemy/engine/base.py", line 2134, in _handle_dbapi_exception
    util.raise_(
  File "/home/airflow/.local/lib/python3.8/site-packages/sqlalchemy/util/compat.py", line 211, in raise_
    raise exception
  File "/home/airflow/.local/lib/python3.8/site-packages/sqlalchemy/engine/base.py", line 1890, in _execute_context
    self.dialect.do_executemany(
  File "/home/airflow/.local/lib/python3.8/site-packages/sqlalchemy/dialects/postgresql/psycopg2.py", line 982, in do_executemany
    context._psycopg2_fetched_rows = xtras.execute_values(
  File "/home/airflow/.local/lib/python3.8/site-packages/psycopg2/extras.py", line 1299, in execute_values
    cur.execute(b''.join(parts))
sqlalchemy.exc.IntegrityError: (psycopg2.errors.UniqueViolation) duplicate key value violates unique constraint "outcomes_staging_pkey"
DETAIL:  Key ("Animal ID", "Date ID")=(A891469, 20231121) already exists.

[SQL: INSERT INTO outcomes_staging ("Animal ID", "Name", "Outcome", "Animal Type", "Breed", "Color", "Day", "Month", "Year", "Date ID", "DOB", "Reproductive Status", "Sex") VALUES (%(Animal_ID)s, %(Name)s, %(Outcome)s, %(Animal_Type)s, %(Breed)s, %(Color)s, %(Day)s, %(Month)s, %(Year)s, %(Date_ID)s, %(DOB)s, %(Reproductive_Status)s, %(Sex)s)]
[parameters: ({'Animal_ID': 'A891469', 'Name': 'Serenity', 'Outcome': 'Adoption', 'Animal_Type': 'Cat', 'Breed': 'Domestic Shorthair', 'Color': 'Brown Tabby', 'Day': 21, 'Month': 11, 'Year': 2023, 'Date_ID': 20231121, 'DOB': '2023-06-23', 'Reproductive_Status': 'Spayed', 'Sex': 'Female'}, {'Animal_ID': 'A875902', 'Name': 'Howard', 'Outcome': 'Adoption', 'Animal_Type': 'Dog', 'Breed': 'Chinese Sharpei/Boxer', 'Color': 'Red', 'Day': 21, 'Month': 11, 'Year': 2023, 'Date_ID': 20231121, 'DOB': '2013-03-06', 'Reproductive_Status': 'Neutered', 'Sex': 'Male'}, {'Animal_ID': 'A893384', 'Name': 'Wolfy', 'Outcome': 'Euthanasia', 'Animal_Type': 'Cat', 'Breed': 'Domestic Medium Hair', 'Color': 'Black', 'Day': 21, 'Month': 11, 'Year': 2023, 'Date_ID': 20231121, 'DOB': '2010-01-01', 'Reproductive_Status': 'Neutered', 'Sex': 'Male'}, {'Animal_ID': 'A863218', 'Name': 'Antonio', 'Outcome': 'Adoption', 'Animal_Type': 'Dog', 'Breed': 'Pit Bull/Labrador Retriever', 'Color': 'White', 'Day': 21, 'Month': 11, 'Year': 2023, 'Date_ID': 20231121, 'DOB': '2015-11-09', 'Reproductive_Status': 'Neutered', 'Sex': 'Male'}, {'Animal_ID': 'A881888', 'Name': 'Hazel', 'Outcome': 'Adoption', 'Animal_Type': 'Cat', 'Breed': 'Domestic Shorthair', 'Color': 'Brown Tabby', 'Day': 21, 'Month': 11, 'Year': 2023, 'Date_ID': 20231121, 'DOB': '2015-05-01', 'Reproductive_Status': 'Spayed', 'Sex': 'Female'}, {'Animal_ID': 'A893355', 'Name': None, 'Outcome': 'Return to Owner', 'Animal_Type': 'Dog', 'Breed': 'Miniature Poodle', 'Color': 'Apricot', 'Day': 21, 'Month': 11, 'Year': 2023, 'Date_ID': 20231121, 'DOB': '2018-11-21', 'Reproductive_Status': 'Neutered', 'Sex': 'Male'}, {'Animal_ID': 'A741692', 'Name': 'Sindy', 'Outcome': 'Transfer', 'Animal_Type': 'Cat', 'Breed': 'Domestic Shorthair Mix', 'Color': 'Tortie', 'Day': 21, 'Month': 11, 'Year': 2023, 'Date_ID': 20231121, 'DOB': '2016-01-06', 'Reproductive_Status': 'Spayed', 'Sex': 'Female'}, {'Animal_ID': 'A893399', 'Name': None, 'Outcome': 'Transfer', 'Animal_Type': 'Dog', 'Breed': 'Pit Bull', 'Color': 'White/Black', 'Day': 21, 'Month': 11, 'Year': 2023, 'Date_ID': 20231121, 'DOB': '2023-09-20', 'Reproductive_Status': 'Intact', 'Sex': 'Female'}  ... displaying 10 of 48 total bound parameter sets ...  {'Animal_ID': 'A893415', 'Name': None, 'Outcome': 'Return to Owner', 'Animal_Type': 'Dog', 'Breed': 'Basset Hound', 'Color': 'Brown/White', 'Day': 21, 'Month': 11, 'Year': 2023, 'Date_ID': 20231121, 'DOB': '2021-11-21', 'Reproductive_Status': 'Intact', 'Sex': 'Male'}, {'Animal_ID': 'A891140', 'Name': 'Richard', 'Outcome': 'Adoption', 'Animal_Type': 'Dog', 'Breed': 'Golden Retriever Mix', 'Color': 'Tan', 'Day': 21, 'Month': 11, 'Year': 2023, 'Date_ID': 20231121, 'DOB': '2021-10-17', 'Reproductive_Status': 'Neutered', 'Sex': 'Male'})]
(Background on this error at: https://sqlalche.me/e/14/gkpj)
[2023-11-22T06:14:45.225+0000] {taskinstance.py:1400} INFO - Marking task as UP_FOR_RETRY. dag_id=outcomes_dag, task_id=Load, execution_date=20231122T060932, start_date=20231122T061444, end_date=20231122T061445
[2023-11-22T06:14:45.242+0000] {standard_task_runner.py:104} ERROR - Failed to execute job 35 for task Load ((psycopg2.errors.UniqueViolation) duplicate key value violates unique constraint "outcomes_staging_pkey"
DETAIL:  Key ("Animal ID", "Date ID")=(A891469, 20231121) already exists.

[SQL: INSERT INTO outcomes_staging ("Animal ID", "Name", "Outcome", "Animal Type", "Breed", "Color", "Day", "Month", "Year", "Date ID", "DOB", "Reproductive Status", "Sex") VALUES (%(Animal_ID)s, %(Name)s, %(Outcome)s, %(Animal_Type)s, %(Breed)s, %(Color)s, %(Day)s, %(Month)s, %(Year)s, %(Date_ID)s, %(DOB)s, %(Reproductive_Status)s, %(Sex)s)]
[parameters: ({'Animal_ID': 'A891469', 'Name': 'Serenity', 'Outcome': 'Adoption', 'Animal_Type': 'Cat', 'Breed': 'Domestic Shorthair', 'Color': 'Brown Tabby', 'Day': 21, 'Month': 11, 'Year': 2023, 'Date_ID': 20231121, 'DOB': '2023-06-23', 'Reproductive_Status': 'Spayed', 'Sex': 'Female'}, {'Animal_ID': 'A875902', 'Name': 'Howard', 'Outcome': 'Adoption', 'Animal_Type': 'Dog', 'Breed': 'Chinese Sharpei/Boxer', 'Color': 'Red', 'Day': 21, 'Month': 11, 'Year': 2023, 'Date_ID': 20231121, 'DOB': '2013-03-06', 'Reproductive_Status': 'Neutered', 'Sex': 'Male'}, {'Animal_ID': 'A893384', 'Name': 'Wolfy', 'Outcome': 'Euthanasia', 'Animal_Type': 'Cat', 'Breed': 'Domestic Medium Hair', 'Color': 'Black', 'Day': 21, 'Month': 11, 'Year': 2023, 'Date_ID': 20231121, 'DOB': '2010-01-01', 'Reproductive_Status': 'Neutered', 'Sex': 'Male'}, {'Animal_ID': 'A863218', 'Name': 'Antonio', 'Outcome': 'Adoption', 'Animal_Type': 'Dog', 'Breed': 'Pit Bull/Labrador Retriever', 'Color': 'White', 'Day': 21, 'Month': 11, 'Year': 2023, 'Date_ID': 20231121, 'DOB': '2015-11-09', 'Reproductive_Status': 'Neutered', 'Sex': 'Male'}, {'Animal_ID': 'A881888', 'Name': 'Hazel', 'Outcome': 'Adoption', 'Animal_Type': 'Cat', 'Breed': 'Domestic Shorthair', 'Color': 'Brown Tabby', 'Day': 21, 'Month': 11, 'Year': 2023, 'Date_ID': 20231121, 'DOB': '2015-05-01', 'Reproductive_Status': 'Spayed', 'Sex': 'Female'}, {'Animal_ID': 'A893355', 'Name': None, 'Outcome': 'Return to Owner', 'Animal_Type': 'Dog', 'Breed': 'Miniature Poodle', 'Color': 'Apricot', 'Day': 21, 'Month': 11, 'Year': 2023, 'Date_ID': 20231121, 'DOB': '2018-11-21', 'Reproductive_Status': 'Neutered', 'Sex': 'Male'}, {'Animal_ID': 'A741692', 'Name': 'Sindy', 'Outcome': 'Transfer', 'Animal_Type': 'Cat', 'Breed': 'Domestic Shorthair Mix', 'Color': 'Tortie', 'Day': 21, 'Month': 11, 'Year': 2023, 'Date_ID': 20231121, 'DOB': '2016-01-06', 'Reproductive_Status': 'Spayed', 'Sex': 'Female'}, {'Animal_ID': 'A893399', 'Name': None, 'Outcome': 'Transfer', 'Animal_Type': 'Dog', 'Breed': 'Pit Bull', 'Color': 'White/Black', 'Day': 21, 'Month': 11, 'Year': 2023, 'Date_ID': 20231121, 'DOB': '2023-09-20', 'Reproductive_Status': 'Intact', 'Sex': 'Female'}  ... displaying 10 of 48 total bound parameter sets ...  {'Animal_ID': 'A893415', 'Name': None, 'Outcome': 'Return to Owner', 'Animal_Type': 'Dog', 'Breed': 'Basset Hound', 'Color': 'Brown/White', 'Day': 21, 'Month': 11, 'Year': 2023, 'Date_ID': 20231121, 'DOB': '2021-11-21', 'Reproductive_Status': 'Intact', 'Sex': 'Male'}, {'Animal_ID': 'A891140', 'Name': 'Richard', 'Outcome': 'Adoption', 'Animal_Type': 'Dog', 'Breed': 'Golden Retriever Mix', 'Color': 'Tan', 'Day': 21, 'Month': 11, 'Year': 2023, 'Date_ID': 20231121, 'DOB': '2021-10-17', 'Reproductive_Status': 'Neutered', 'Sex': 'Male'})]
(Background on this error at: https://sqlalche.me/e/14/gkpj); 236)
[2023-11-22T06:14:45.286+0000] {local_task_job_runner.py:228} INFO - Task exited with return code 1
